2023-11-21 01:52:34,113	[INFO]	(client.py:159)_bot_login	[botpy] 登录机器人账号中...
2023-11-21 01:52:34,892	[INFO]	(client.py:178)_bot_init	[botpy] 程序启动...
2023-11-21 01:52:34,892	[INFO]	(connection.py:59)multi_run	[botpy] 最大并发连接数: 1, 启动会话数: 1
2023-11-21 01:52:34,894	[INFO]	(client.py:236)bot_connect	[botpy] 会话启动中...
2023-11-21 01:52:34,894	[INFO]	(gateway.py:110)ws_connect	[botpy] 启动中...
2023-11-21 01:52:35,063	[INFO]	(gateway.py:136)ws_identify	[botpy] 鉴权中...
2023-11-21 01:52:35,178	[INFO]	(gateway.py:80)on_message	[botpy] 机器人「像素世界_EPW-测试中」启动成功！
2023-11-21 01:52:35,179	[INFO]	(gateway.py:217)_send_heart	[botpy] 心跳维持启动...
2023-11-21 01:58:11,039	[INFO]	(client.py:159)_bot_login	[botpy] 登录机器人账号中...
2023-11-21 01:58:11,640	[INFO]	(client.py:178)_bot_init	[botpy] 程序启动...
2023-11-21 01:58:11,640	[INFO]	(connection.py:59)multi_run	[botpy] 最大并发连接数: 1, 启动会话数: 1
2023-11-21 01:58:11,641	[INFO]	(client.py:236)bot_connect	[botpy] 会话启动中...
2023-11-21 01:58:11,641	[INFO]	(gateway.py:110)ws_connect	[botpy] 启动中...
2023-11-21 01:58:11,883	[INFO]	(gateway.py:136)ws_identify	[botpy] 鉴权中...
2023-11-21 01:58:12,010	[INFO]	(gateway.py:80)on_message	[botpy] 机器人「像素世界_EPW-测试中」启动成功！
2023-11-21 01:58:12,011	[INFO]	(gateway.py:217)_send_heart	[botpy] 心跳维持启动...
2023-11-21 02:00:50,090	[INFO]	(client.py:159)_bot_login	[botpy] 登录机器人账号中...
2023-11-21 02:00:50,680	[INFO]	(client.py:178)_bot_init	[botpy] 程序启动...
2023-11-21 02:00:50,682	[INFO]	(connection.py:59)multi_run	[botpy] 最大并发连接数: 1, 启动会话数: 1
2023-11-21 02:00:50,683	[INFO]	(client.py:236)bot_connect	[botpy] 会话启动中...
2023-11-21 02:00:50,683	[INFO]	(gateway.py:110)ws_connect	[botpy] 启动中...
2023-11-21 02:00:50,953	[INFO]	(gateway.py:136)ws_identify	[botpy] 鉴权中...
2023-11-21 02:00:51,076	[INFO]	(gateway.py:80)on_message	[botpy] 机器人「像素世界_EPW-测试中」启动成功！
2023-11-21 02:00:51,078	[INFO]	(gateway.py:217)_send_heart	[botpy] 心跳维持启动...
2023-11-21 02:01:25,194	[INFO]	(client.py:159)_bot_login	[botpy] 登录机器人账号中...
2023-11-21 02:01:25,746	[INFO]	(client.py:178)_bot_init	[botpy] 程序启动...
2023-11-21 02:01:25,747	[INFO]	(connection.py:59)multi_run	[botpy] 最大并发连接数: 1, 启动会话数: 1
2023-11-21 02:01:25,749	[INFO]	(client.py:236)bot_connect	[botpy] 会话启动中...
2023-11-21 02:01:25,749	[INFO]	(gateway.py:110)ws_connect	[botpy] 启动中...
2023-11-21 02:01:25,983	[INFO]	(gateway.py:136)ws_identify	[botpy] 鉴权中...
2023-11-21 02:01:26,114	[INFO]	(gateway.py:80)on_message	[botpy] 机器人「像素世界_EPW-测试中」启动成功！
2023-11-21 02:01:26,115	[INFO]	(gateway.py:217)_send_heart	[botpy] 心跳维持启动...
2023-11-21 02:03:15,743	[INFO]	(client.py:159)_bot_login	[botpy] 登录机器人账号中...
2023-11-21 02:03:16,336	[INFO]	(client.py:178)_bot_init	[botpy] 程序启动...
2023-11-21 02:03:16,336	[INFO]	(connection.py:59)multi_run	[botpy] 最大并发连接数: 1, 启动会话数: 1
2023-11-21 02:03:16,337	[INFO]	(client.py:236)bot_connect	[botpy] 会话启动中...
2023-11-21 02:03:16,337	[INFO]	(gateway.py:110)ws_connect	[botpy] 启动中...
2023-11-21 02:03:16,535	[INFO]	(gateway.py:136)ws_identify	[botpy] 鉴权中...
2023-11-21 02:03:16,651	[INFO]	(gateway.py:80)on_message	[botpy] 机器人「像素世界_EPW-测试中」启动成功！
2023-11-21 02:03:16,652	[INFO]	(gateway.py:217)_send_heart	[botpy] 心跳维持启动...
2023-11-21 04:47:33,860	[INFO]	(client.py:159)_bot_login	[botpy] 登录机器人账号中...
2023-11-21 04:47:34,514	[INFO]	(client.py:178)_bot_init	[botpy] 程序启动...
2023-11-21 04:47:34,515	[INFO]	(connection.py:59)multi_run	[botpy] 最大并发连接数: 1, 启动会话数: 1
2023-11-21 04:47:34,516	[INFO]	(client.py:236)bot_connect	[botpy] 会话启动中...
2023-11-21 04:47:34,518	[INFO]	(gateway.py:110)ws_connect	[botpy] 启动中...
2023-11-21 04:47:34,769	[INFO]	(gateway.py:136)ws_identify	[botpy] 鉴权中...
2023-11-21 04:47:34,906	[INFO]	(gateway.py:80)on_message	[botpy] 机器人「像素世界_EPW-测试中」启动成功！
2023-11-21 04:47:34,908	[INFO]	(gateway.py:217)_send_heart	[botpy] 心跳维持启动...
2023-11-21 04:48:10,383	[ERROR]	(http.py:73)_handle_response	[botpy] 接口请求异常，请求连接: https://api.sgroup.qq.com/channels/634178168/messages, 错误代码: 500, 返回内容: {'code': 50056, 'message': 'raw markdown not allowed'}, trace_id:f1b065b2b49d601a2180e3cc6f0ad0b6
2023-11-21 04:48:23,285	[ERROR]	(http.py:73)_handle_response	[botpy] 接口请求异常，请求连接: https://api.sgroup.qq.com/channels/634178168/messages, 错误代码: 500, 返回内容: {'code': 50056, 'message': 'raw markdown not allowed'}, trace_id:621ad5fa4f34304411cc7d3de1a81e8a
2023-11-21 04:50:03,500	[INFO]	(client.py:159)_bot_login	[botpy] 登录机器人账号中...
2023-11-21 04:50:04,384	[INFO]	(client.py:178)_bot_init	[botpy] 程序启动...
2023-11-21 04:50:04,386	[INFO]	(connection.py:59)multi_run	[botpy] 最大并发连接数: 1, 启动会话数: 1
2023-11-21 04:50:04,388	[INFO]	(client.py:236)bot_connect	[botpy] 会话启动中...
2023-11-21 04:50:04,391	[INFO]	(gateway.py:110)ws_connect	[botpy] 启动中...
2023-11-21 04:50:04,661	[INFO]	(gateway.py:136)ws_identify	[botpy] 鉴权中...
2023-11-21 04:50:04,794	[INFO]	(gateway.py:80)on_message	[botpy] 机器人「像素世界_EPW-测试中」启动成功！
2023-11-21 04:50:04,795	[INFO]	(gateway.py:217)_send_heart	[botpy] 心跳维持启动...
2023-11-21 04:50:16,233	[ERROR]	(http.py:73)_handle_response	[botpy] 接口请求异常，请求连接: https://api.sgroup.qq.com/channels/634178168/messages, 错误代码: 500, 返回内容: {'code': 50056, 'message': 'raw markdown not allowed'}, trace_id:47b0fb10104e705cb7e19c8b08440459
2023-11-21 04:52:47,535	[INFO]	(client.py:159)_bot_login	[botpy] 登录机器人账号中...
2023-11-21 04:52:48,179	[INFO]	(client.py:178)_bot_init	[botpy] 程序启动...
2023-11-21 04:52:48,187	[INFO]	(connection.py:59)multi_run	[botpy] 最大并发连接数: 1, 启动会话数: 1
2023-11-21 04:52:48,188	[INFO]	(client.py:236)bot_connect	[botpy] 会话启动中...
2023-11-21 04:52:48,190	[INFO]	(gateway.py:110)ws_connect	[botpy] 启动中...
2023-11-21 04:52:48,389	[INFO]	(gateway.py:136)ws_identify	[botpy] 鉴权中...
2023-11-21 04:52:48,498	[INFO]	(gateway.py:80)on_message	[botpy] 机器人「像素世界_EPW-测试中」启动成功！
2023-11-21 04:52:48,500	[INFO]	(gateway.py:217)_send_heart	[botpy] 心跳维持启动...
2023-11-21 04:52:53,933	[ERROR]	(http.py:73)_handle_response	[botpy] 接口请求异常，请求连接: https://api.sgroup.qq.com/channels/634178168/messages, 错误代码: 500, 返回内容: {'code': 304057, 'message': 'not allowd custom keyborad'}, trace_id:7cac1ea2d82dea3a7f9f1267d7481e50
2023-11-21 04:59:17,403	[INFO]	(client.py:159)_bot_login	[botpy] 登录机器人账号中...
2023-11-21 04:59:18,029	[INFO]	(client.py:178)_bot_init	[botpy] 程序启动...
2023-11-21 04:59:18,030	[INFO]	(connection.py:59)multi_run	[botpy] 最大并发连接数: 1, 启动会话数: 1
2023-11-21 04:59:18,031	[INFO]	(client.py:236)bot_connect	[botpy] 会话启动中...
2023-11-21 04:59:18,032	[INFO]	(gateway.py:110)ws_connect	[botpy] 启动中...
2023-11-21 04:59:18,255	[INFO]	(gateway.py:136)ws_identify	[botpy] 鉴权中...
2023-11-21 04:59:18,366	[INFO]	(gateway.py:80)on_message	[botpy] 机器人「像素世界_EPW-测试中」启动成功！
2023-11-21 04:59:18,367	[INFO]	(gateway.py:217)_send_heart	[botpy] 心跳维持启动...
2023-11-21 04:59:32,777	[ERROR]	(http.py:73)_handle_response	[botpy] 接口请求异常，请求连接: https://api.sgroup.qq.com/channels/634178168/messages, 错误代码: 500, 返回内容: {'code': 50056, 'message': 'raw markdown not allowed'}, trace_id:351062cdfd690b452bab48d78e6442bc
2023-11-21 05:00:44,214	[INFO]	(client.py:159)_bot_login	[botpy] 登录机器人账号中...
2023-11-21 05:00:44,771	[INFO]	(client.py:178)_bot_init	[botpy] 程序启动...
2023-11-21 05:00:44,773	[INFO]	(connection.py:59)multi_run	[botpy] 最大并发连接数: 1, 启动会话数: 1
2023-11-21 05:00:44,774	[INFO]	(client.py:236)bot_connect	[botpy] 会话启动中...
2023-11-21 05:00:44,775	[INFO]	(gateway.py:110)ws_connect	[botpy] 启动中...
2023-11-21 05:00:44,977	[INFO]	(gateway.py:136)ws_identify	[botpy] 鉴权中...
2023-11-21 05:00:45,092	[INFO]	(gateway.py:80)on_message	[botpy] 机器人「像素世界_EPW-测试中」启动成功！
2023-11-21 05:00:45,094	[INFO]	(gateway.py:217)_send_heart	[botpy] 心跳维持启动...
2023-11-21 05:00:45,096	[INFO]	(demo_at_reply_markdown.py:18)on_ready	robot 「像素世界_EPW-测试中」 on_ready!
2023-11-21 05:00:53,474	[ERROR]	(http.py:73)_handle_response	[botpy] 接口请求异常，请求连接: https://api.sgroup.qq.com/channels/634178168/messages, 错误代码: 500, 返回内容: {'code': 304041, 'message': 'reply messageg not allow markdown'}, trace_id:b0188ec3cf39f9eeb6de3112bf146254
