2023-11-30 23:26:00,408	[INFO]	(client.py:159)_bot_login	[botpy] 登录机器人账号中...
2023-11-30 23:26:01,053	[INFO]	(client.py:178)_bot_init	[botpy] 程序启动...
2023-11-30 23:26:01,054	[INFO]	(connection.py:59)multi_run	[botpy] 最大并发连接数: 1, 启动会话数: 1
2023-11-30 23:26:01,055	[INFO]	(client.py:236)bot_connect	[botpy] 会话启动中...
2023-11-30 23:26:01,055	[INFO]	(gateway.py:110)ws_connect	[botpy] 启动中...
2023-11-30 23:26:01,278	[INFO]	(gateway.py:136)ws_identify	[botpy] 鉴权中...
2023-11-30 23:26:01,413	[INFO]	(gateway.py:80)on_message	[botpy] 机器人「像素世界_EPW-测试中」启动成功！
2023-11-30 23:26:01,415	[INFO]	(gateway.py:217)_send_heart	[botpy] 心跳维持启动...
2023-11-30 23:29:38,726	[INFO]	(client.py:159)_bot_login	[botpy] 登录机器人账号中...
2023-11-30 23:29:39,384	[INFO]	(client.py:178)_bot_init	[botpy] 程序启动...
2023-11-30 23:29:39,385	[INFO]	(connection.py:59)multi_run	[botpy] 最大并发连接数: 1, 启动会话数: 1
2023-11-30 23:29:39,385	[INFO]	(client.py:236)bot_connect	[botpy] 会话启动中...
2023-11-30 23:29:39,386	[INFO]	(gateway.py:110)ws_connect	[botpy] 启动中...
2023-11-30 23:29:39,620	[INFO]	(gateway.py:136)ws_identify	[botpy] 鉴权中...
2023-11-30 23:29:39,750	[INFO]	(gateway.py:80)on_message	[botpy] 机器人「像素世界_EPW-测试中」启动成功！
2023-11-30 23:29:39,751	[INFO]	(gateway.py:217)_send_heart	[botpy] 心跳维持启动...
2023-11-30 23:31:20,251	[INFO]	(client.py:159)_bot_login	[botpy] 登录机器人账号中...
2023-11-30 23:31:20,794	[INFO]	(client.py:178)_bot_init	[botpy] 程序启动...
2023-11-30 23:31:20,795	[INFO]	(connection.py:59)multi_run	[botpy] 最大并发连接数: 1, 启动会话数: 1
2023-11-30 23:31:20,795	[INFO]	(client.py:236)bot_connect	[botpy] 会话启动中...
2023-11-30 23:31:20,796	[INFO]	(gateway.py:110)ws_connect	[botpy] 启动中...
2023-11-30 23:31:20,974	[INFO]	(gateway.py:136)ws_identify	[botpy] 鉴权中...
2023-11-30 23:31:21,087	[INFO]	(gateway.py:80)on_message	[botpy] 机器人「像素世界_EPW-测试中」启动成功！
2023-11-30 23:31:21,089	[INFO]	(gateway.py:217)_send_heart	[botpy] 心跳维持启动...
